\BOOKMARK [1][-]{section*.1}{\376\377\000B\000i\000e\000n\000v\000e\000n\000i\000d\000@\000s}{}% 1
\BOOKMARK [2][-]{section*.2}{\376\377\000E\000s\000p\000e\000c\000i\000f\000i\000c\000a\000c\000i\000o\000n\000e\000s}{section*.1}% 2
\BOOKMARK [1][-]{section*.3}{\376\377\000R\000/\000R\000S\000t\000u\000d\000i\000o}{}% 3
\BOOKMARK [1][-]{section*.4}{\376\377\000C\000o\000n\000t\000r\000o\000l\000\040\000d\000e\000\040\000v\000e\000r\000s\000i\000o\000n\000e\000s}{}% 4
\BOOKMARK [1][-]{section*.5}{\376\377\000T\000i\000p\000o\000s\000\040\000d\000e\000\040\000o\000b\000j\000e\000t\000o\000s}{}% 5
\BOOKMARK [2][-]{section*.6}{\376\377\000C\000a\000r\000a\000c\000t\000e\000r\000e\000s}{section*.5}% 6
\BOOKMARK [2][-]{section*.7}{\376\377\000N\000\372\000m\000e\000r\000o\000s\000\040\000c\000o\000m\000p\000l\000e\000j\000o\000s}{section*.5}% 7
\BOOKMARK [2][-]{section*.8}{\376\377\000E\000n\000t\000e\000r\000o\000s}{section*.5}% 8
\BOOKMARK [2][-]{section*.9}{\376\377\000V\000e\000c\000t\000o\000r\000e\000s}{section*.5}% 9
\BOOKMARK [2][-]{section*.10}{\376\377\000L\000\363\000g\000i\000c\000o\000s}{section*.5}% 10
\BOOKMARK [2][-]{section*.11}{\376\377\000M\000a\000t\000r\000i\000c\000e\000s}{section*.5}% 11
\BOOKMARK [2][-]{section*.12}{\376\377\000L\000i\000s\000t\000a\000s}{section*.5}% 12
\BOOKMARK [2][-]{section*.13}{\376\377\000D\000a\000t\000a\000\040\000f\000r\000a\000m\000e\000\040\000y\000\040\000a\000r\000r\000a\000y\000s}{section*.5}% 13
\BOOKMARK [2][-]{section*.14}{\376\377\000F\000a\000c\000t\000o\000r\000e\000s}{section*.5}% 14
\BOOKMARK [2][-]{section*.15}{\376\377\000F\000u\000n\000c\000i\000o\000n\000e\000s}{section*.5}% 15
\BOOKMARK [2][-]{section*.16}{\376\377\000V\000a\000l\000o\000r\000e\000s\000\040\000e\000s\000p\000e\000c\000i\000a\000l\000e\000s}{section*.5}% 16
\BOOKMARK [3][-]{section*.17}{\376\377\000F\000a\000l\000t\000a\000n\000t\000e\000s}{section*.16}% 17
\BOOKMARK [3][-]{section*.18}{\376\377\000I\000n\000f\000i\000n\000i\000t\000o}{section*.16}% 18
\BOOKMARK [2][-]{section*.19}{\376\377\000T\000i\000e\000m\000p\000o\000\040\000\050\000F\000e\000c\000h\000a\000s\000\040\000y\000\040\000h\000o\000r\000a\000s\000\051}{section*.5}% 19
\BOOKMARK [1][-]{section*.20}{\376\377\000P\000a\000q\000u\000e\000t\000e\000s}{}% 20
\BOOKMARK [1][-]{section*.21}{\376\377\000S\000u\000b\000c\000o\000n\000j\000u\000n\000t\000o\000s\000\040\000d\000e\000\040\000d\000a\000t\000o\000s}{}% 21
\BOOKMARK [1][-]{section*.22}{\376\377\000E\000x\000t\000r\000a\000c\000c\000i\000\363\000n\000\040\000d\000e\000\040\000d\000a\000t\000o\000s}{}% 22
\BOOKMARK [1][-]{section*.23}{\376\377\000d\000p\000l\000y\000r}{}% 23
\BOOKMARK [1][-]{section*.24}{\376\377\000S\000i\000s\000t\000e\000m\000a\000s\000\040\000d\000e\000\040\000g\000r\000a\000f\000i\000c\000a\000d\000o}{}% 24
\BOOKMARK [2][-]{section*.25}{\376\377\000G\000r\000a\000f\000i\000c\000a\000d\000o\000\040\000b\000a\000s\000e}{section*.24}% 25
\BOOKMARK [2][-]{section*.26}{\376\377\000g\000g\000p\000l\000o\000t\0002}{section*.24}% 26
\BOOKMARK [1][-]{section*.27}{\376\377\000P\000r\000u\000e\000b\000a\000s\000\040\000e\000s\000t\000a\000d\000\355\000s\000t\000i\000c\000a\000s}{}% 27
\BOOKMARK [1][-]{section*.28}{\376\377\000F\000u\000n\000c\000i\000o\000n\000e\000s\000\040\000r\000e\000c\000i\000c\000l\000a\000b\000l\000e\000s}{}% 28
